{"uuid":"0c8752f8-0ffd-42f7-b1ef-0ad864c34354","historyId":"b714ed0b17ac4b7f007f1cb2e55e373d","testCaseId":"a5ed827a9e2b62f3ea5420ce81613146","fullName":"src/test/resources/features/CreateNewUserTest.feature:2","labels":[{"name":"host","value":"ShanesLaptop"},{"name":"thread","value":"6748@ShanesLaptop.main(1)"},{"name":"feature","value":"User can create new user"},{"name":"story","value":"verify that user can create new user"},{"name":"suite","value":"User can create new user"},{"name":"testClass","value":"verify that user can create new user"},{"name":"framework","value":"cucumber4jvm"},{"name":"language","value":"java"},{"name":"gherkin_uri","value":"file:///C:/Users/sanja/IdeaProjects/OrangeHRM_Automation/src/test/resources/features/CreateNewUserTest.feature"},{"name":"package","value":"src.test.resources.features.CreateNewUserTest_feature.User can create new user"}],"links":[],"name":"verify that user can create new user","status":"failed","statusDetails":{"known":false,"muted":false,"flaky":false,"message":"test case failed","trace":"java.lang.AssertionError: test case failed\r\n\tat org.junit.Assert.fail(Assert.java:89)\r\n\tat com.automation.steps.AdminSteps.deleteTheObtainedUserAfterSearch(AdminSteps.java:54)\r\n\tat ✽.delete the obtained user after search(file:///C:/Users/sanja/IdeaProjects/OrangeHRM_Automation/src/test/resources/features/CreateNewUserTest.feature:17)\r\n"},"stage":"finished","steps":[{"name":"Given user open website","status":"passed","statusDetails":{"known":false,"muted":false,"flaky":false},"stage":"finished","steps":[],"attachments":[],"parameters":[],"start":1729610084597,"stop":1729610087853},{"name":"Then verify user is on login page","status":"passed","statusDetails":{"known":false,"muted":false,"flaky":false},"stage":"finished","steps":[],"attachments":[],"parameters":[],"start":1729610087853,"stop":1729610088560},{"name":"Given user login username \"Admin\" and password \"admin123\"","status":"passed","statusDetails":{"known":false,"muted":false,"flaky":false},"stage":"finished","steps":[],"attachments":[],"parameters":[],"start":1729610088560,"stop":1729610090051},{"name":"Then verify user is logged in","status":"passed","statusDetails":{"known":false,"muted":false,"flaky":false},"stage":"finished","steps":[],"attachments":[],"parameters":[],"start":1729610090051,"stop":1729610090452},{"name":"When user click on admin on sidebar","status":"passed","statusDetails":{"known":false,"muted":false,"flaky":false},"stage":"finished","steps":[],"attachments":[],"parameters":[],"start":1729610090452,"stop":1729610091626},{"name":"Then verify user is on admin page","status":"passed","statusDetails":{"known":false,"muted":false,"flaky":false},"stage":"finished","steps":[],"attachments":[],"parameters":[],"start":1729610091626,"stop":1729610092093},{"name":"When user click on add button on admin page","status":"passed","statusDetails":{"known":false,"muted":false,"flaky":false},"stage":"finished","steps":[],"attachments":[],"parameters":[],"start":1729610092093,"stop":1729610092527},{"name":"Then verify user is on add user page","status":"passed","statusDetails":{"known":false,"muted":false,"flaky":false},"stage":"finished","steps":[],"attachments":[],"parameters":[],"start":1729610092527,"stop":1729610092909},{"name":"Then enter new user details","status":"passed","statusDetails":{"known":false,"muted":false,"flaky":false},"stage":"finished","steps":[],"attachments":[],"parameters":[],"start":1729610092914,"stop":1729610097748},{"name":"When user click save button on admin page","status":"passed","statusDetails":{"known":false,"muted":false,"flaky":false},"stage":"finished","steps":[],"attachments":[],"parameters":[],"start":1729610097748,"stop":1729610097792},{"name":"Then verify success message is displayed","status":"passed","statusDetails":{"known":false,"muted":false,"flaky":false},"stage":"finished","steps":[],"attachments":[],"parameters":[],"start":1729610097792,"stop":1729610099720},{"name":"Then verify user is on System Users page","status":"passed","statusDetails":{"known":false,"muted":false,"flaky":false},"stage":"finished","steps":[],"attachments":[],"parameters":[],"start":1729610099720,"stop":1729610103055},{"name":"Then enter new user search details","status":"passed","statusDetails":{"known":false,"muted":false,"flaky":false},"stage":"finished","steps":[],"attachments":[],"parameters":[],"start":1729610103055,"stop":1729610107528},{"name":"Then user clicks on Search button on admin page","status":"passed","statusDetails":{"known":false,"muted":false,"flaky":false},"stage":"finished","steps":[],"attachments":[],"parameters":[],"start":1729610107528,"stop":1729610107562},{"name":"Then delete the obtained user after search","status":"failed","statusDetails":{"known":false,"muted":false,"flaky":false,"message":"test case failed","trace":"java.lang.AssertionError: test case failed\r\n\tat org.junit.Assert.fail(Assert.java:89)\r\n\tat com.automation.steps.AdminSteps.deleteTheObtainedUserAfterSearch(AdminSteps.java:54)\r\n\tat ✽.delete the obtained user after search(file:///C:/Users/sanja/IdeaProjects/OrangeHRM_Automation/src/test/resources/features/CreateNewUserTest.feature:17)\r\n"},"stage":"finished","steps":[],"attachments":[],"parameters":[],"start":1729610107562,"stop":1729610108019}],"attachments":[],"parameters":[],"start":1729610082978,"stop":1729610108470}