{"uuid":"6b738fd7-d896-4b83-adec-eddba41472f5","historyId":"b714ed0b17ac4b7f007f1cb2e55e373d","testCaseId":"a5ed827a9e2b62f3ea5420ce81613146","fullName":"src/test/resources/features/CreateNewUserTest.feature:2","labels":[{"name":"host","value":"ShanesLaptop"},{"name":"thread","value":"19556@ShanesLaptop.main(1)"},{"name":"feature","value":"User can create new user"},{"name":"story","value":"verify that user can create new user"},{"name":"suite","value":"User can create new user"},{"name":"testClass","value":"verify that user can create new user"},{"name":"framework","value":"cucumber4jvm"},{"name":"language","value":"java"},{"name":"gherkin_uri","value":"file:///C:/Users/sanja/IdeaProjects/OrangeHRM_Automation/src/test/resources/features/CreateNewUserTest.feature"},{"name":"package","value":"src.test.resources.features.CreateNewUserTest_feature.User can create new user"}],"links":[],"name":"verify that user can create new user","status":"failed","statusDetails":{"known":false,"muted":false,"flaky":false,"message":"test case failed","trace":"java.lang.AssertionError: test case failed\r\n\tat org.junit.Assert.fail(Assert.java:89)\r\n\tat com.automation.steps.AdminSteps.deleteTheObtainedUserAfterSearch(AdminSteps.java:54)\r\n\tat ✽.delete the obtained user after search(file:///C:/Users/sanja/IdeaProjects/OrangeHRM_Automation/src/test/resources/features/CreateNewUserTest.feature:17)\r\n"},"stage":"finished","steps":[{"name":"Given user open website","status":"passed","statusDetails":{"known":false,"muted":false,"flaky":false},"stage":"finished","steps":[],"attachments":[],"parameters":[],"start":1729607351381,"stop":1729607356746},{"name":"Then verify user is on login page","status":"passed","statusDetails":{"known":false,"muted":false,"flaky":false},"stage":"finished","steps":[],"attachments":[],"parameters":[],"start":1729607356747,"stop":1729607357501},{"name":"Given user login username \"Admin\" and password \"admin123\"","status":"passed","statusDetails":{"known":false,"muted":false,"flaky":false},"stage":"finished","steps":[],"attachments":[],"parameters":[],"start":1729607357501,"stop":1729607359092},{"name":"Then verify user is logged in","status":"passed","statusDetails":{"known":false,"muted":false,"flaky":false},"stage":"finished","steps":[],"attachments":[],"parameters":[],"start":1729607359094,"stop":1729607359527},{"name":"When user click on admin on sidebar","status":"passed","statusDetails":{"known":false,"muted":false,"flaky":false},"stage":"finished","steps":[],"attachments":[],"parameters":[],"start":1729607359527,"stop":1729607360797},{"name":"Then verify user is on admin page","status":"passed","statusDetails":{"known":false,"muted":false,"flaky":false},"stage":"finished","steps":[],"attachments":[],"parameters":[],"start":1729607360797,"stop":1729607361249},{"name":"When user click on add button on admin page","status":"passed","statusDetails":{"known":false,"muted":false,"flaky":false},"stage":"finished","steps":[],"attachments":[],"parameters":[],"start":1729607361251,"stop":1729607361775},{"name":"Then verify user is on add user page","status":"passed","statusDetails":{"known":false,"muted":false,"flaky":false},"stage":"finished","steps":[],"attachments":[],"parameters":[],"start":1729607361775,"stop":1729607362187},{"name":"Then enter new user details","status":"passed","statusDetails":{"known":false,"muted":false,"flaky":false},"stage":"finished","steps":[],"attachments":[],"parameters":[],"start":1729607362187,"stop":1729607364098},{"name":"When user click save button on admin page","status":"passed","statusDetails":{"known":false,"muted":false,"flaky":false},"stage":"finished","steps":[],"attachments":[],"parameters":[],"start":1729607364098,"stop":1729607364166},{"name":"Then verify success message is displayed","status":"passed","statusDetails":{"known":false,"muted":false,"flaky":false},"stage":"finished","steps":[],"attachments":[],"parameters":[],"start":1729607364166,"stop":1729607365974},{"name":"Then verify user is on System Users page","status":"passed","statusDetails":{"known":false,"muted":false,"flaky":false},"stage":"finished","steps":[],"attachments":[],"parameters":[],"start":1729607365974,"stop":1729607369990},{"name":"Then enter new user search details","status":"passed","statusDetails":{"known":false,"muted":false,"flaky":false},"stage":"finished","steps":[],"attachments":[],"parameters":[],"start":1729607369991,"stop":1729607372268},{"name":"Then user clicks on Search button on admin page","status":"passed","statusDetails":{"known":false,"muted":false,"flaky":false},"stage":"finished","steps":[],"attachments":[],"parameters":[],"start":1729607372270,"stop":1729607372326},{"name":"Then delete the obtained user after search","status":"failed","statusDetails":{"known":false,"muted":false,"flaky":false,"message":"test case failed","trace":"java.lang.AssertionError: test case failed\r\n\tat org.junit.Assert.fail(Assert.java:89)\r\n\tat com.automation.steps.AdminSteps.deleteTheObtainedUserAfterSearch(AdminSteps.java:54)\r\n\tat ✽.delete the obtained user after search(file:///C:/Users/sanja/IdeaProjects/OrangeHRM_Automation/src/test/resources/features/CreateNewUserTest.feature:17)\r\n"},"stage":"finished","steps":[],"attachments":[],"parameters":[],"start":1729607372326,"stop":1729607372859}],"attachments":[],"parameters":[],"start":1729607350209,"stop":1729607373488}