{"uuid":"8526c158-828c-41fc-8188-68712a18ba66","historyId":"b714ed0b17ac4b7f007f1cb2e55e373d","testCaseId":"a5ed827a9e2b62f3ea5420ce81613146","fullName":"src/test/resources/features/CreateNewUserTest.feature:2","labels":[{"name":"host","value":"ShanesLaptop"},{"name":"thread","value":"30916@ShanesLaptop.main(1)"},{"name":"feature","value":"User can create new user"},{"name":"story","value":"verify that user can create new user"},{"name":"suite","value":"User can create new user"},{"name":"testClass","value":"verify that user can create new user"},{"name":"framework","value":"cucumber4jvm"},{"name":"language","value":"java"},{"name":"gherkin_uri","value":"file:///C:/Users/sanja/IdeaProjects/OrangeHRM_Automation/src/test/resources/features/CreateNewUserTest.feature"},{"name":"package","value":"src.test.resources.features.CreateNewUserTest_feature.User can create new user"}],"links":[],"name":"verify that user can create new user","status":"failed","statusDetails":{"known":false,"muted":false,"flaky":false,"message":"test case failed","trace":"java.lang.AssertionError: test case failed\r\n\tat org.junit.Assert.fail(Assert.java:89)\r\n\tat com.automation.steps.AdminSteps.deleteTheObtainedUserAfterSearch(AdminSteps.java:54)\r\n\tat ✽.delete the obtained user after search(file:///C:/Users/sanja/IdeaProjects/OrangeHRM_Automation/src/test/resources/features/CreateNewUserTest.feature:17)\r\n"},"stage":"finished","steps":[{"name":"Given user open website","status":"passed","statusDetails":{"known":false,"muted":false,"flaky":false},"stage":"finished","steps":[],"attachments":[],"parameters":[],"start":1729606373007,"stop":1729606375993},{"name":"Then verify user is on login page","status":"passed","statusDetails":{"known":false,"muted":false,"flaky":false},"stage":"finished","steps":[],"attachments":[],"parameters":[],"start":1729606375993,"stop":1729606376505},{"name":"Given user login username \"Admin\" and password \"admin123\"","status":"passed","statusDetails":{"known":false,"muted":false,"flaky":false},"stage":"finished","steps":[],"attachments":[],"parameters":[],"start":1729606376511,"stop":1729606378072},{"name":"Then verify user is logged in","status":"passed","statusDetails":{"known":false,"muted":false,"flaky":false},"stage":"finished","steps":[],"attachments":[],"parameters":[],"start":1729606378072,"stop":1729606378495},{"name":"When user click on admin on sidebar","status":"passed","statusDetails":{"known":false,"muted":false,"flaky":false},"stage":"finished","steps":[],"attachments":[],"parameters":[],"start":1729606378497,"stop":1729606379919},{"name":"Then verify user is on admin page","status":"passed","statusDetails":{"known":false,"muted":false,"flaky":false},"stage":"finished","steps":[],"attachments":[],"parameters":[],"start":1729606379919,"stop":1729606380383},{"name":"When user click on add button on admin page","status":"passed","statusDetails":{"known":false,"muted":false,"flaky":false},"stage":"finished","steps":[],"attachments":[],"parameters":[],"start":1729606380383,"stop":1729606380927},{"name":"Then verify user is on add user page","status":"passed","statusDetails":{"known":false,"muted":false,"flaky":false},"stage":"finished","steps":[],"attachments":[],"parameters":[],"start":1729606380927,"stop":1729606381323},{"name":"Then enter new user details","status":"passed","statusDetails":{"known":false,"muted":false,"flaky":false},"stage":"finished","steps":[],"attachments":[],"parameters":[],"start":1729606381323,"stop":1729606383366},{"name":"When user click save button on admin page","status":"passed","statusDetails":{"known":false,"muted":false,"flaky":false},"stage":"finished","steps":[],"attachments":[],"parameters":[],"start":1729606383366,"stop":1729606383439},{"name":"Then verify success message is displayed","status":"passed","statusDetails":{"known":false,"muted":false,"flaky":false},"stage":"finished","steps":[],"attachments":[],"parameters":[],"start":1729606383439,"stop":1729606385063},{"name":"Then verify user is on System Users page","status":"passed","statusDetails":{"known":false,"muted":false,"flaky":false},"stage":"finished","steps":[],"attachments":[],"parameters":[],"start":1729606385066,"stop":1729606388838},{"name":"Then enter new user search details","status":"passed","statusDetails":{"known":false,"muted":false,"flaky":false},"stage":"finished","steps":[],"attachments":[],"parameters":[],"start":1729606388838,"stop":1729606390611},{"name":"Then user clicks on Search button on admin page","status":"passed","statusDetails":{"known":false,"muted":false,"flaky":false},"stage":"finished","steps":[],"attachments":[],"parameters":[],"start":1729606390611,"stop":1729606390668},{"name":"Then delete the obtained user after search","status":"failed","statusDetails":{"known":false,"muted":false,"flaky":false,"message":"test case failed","trace":"java.lang.AssertionError: test case failed\r\n\tat org.junit.Assert.fail(Assert.java:89)\r\n\tat com.automation.steps.AdminSteps.deleteTheObtainedUserAfterSearch(AdminSteps.java:54)\r\n\tat ✽.delete the obtained user after search(file:///C:/Users/sanja/IdeaProjects/OrangeHRM_Automation/src/test/resources/features/CreateNewUserTest.feature:17)\r\n"},"stage":"finished","steps":[],"attachments":[],"parameters":[],"start":1729606390668,"stop":1729606391195}],"attachments":[],"parameters":[],"start":1729606371454,"stop":1729606391868}