{"uuid":"c433e779-54c8-4031-9962-f771a96613ba","historyId":"b714ed0b17ac4b7f007f1cb2e55e373d","testCaseId":"a5ed827a9e2b62f3ea5420ce81613146","fullName":"src/test/resources/features/CreateNewUserTest.feature:2","labels":[{"name":"host","value":"ShanesLaptop"},{"name":"thread","value":"12420@ShanesLaptop.main(1)"},{"name":"feature","value":"User can create new user"},{"name":"story","value":"verify that user can create new user"},{"name":"suite","value":"User can create new user"},{"name":"testClass","value":"verify that user can create new user"},{"name":"framework","value":"cucumber4jvm"},{"name":"language","value":"java"},{"name":"gherkin_uri","value":"file:///C:/Users/sanja/IdeaProjects/OrangeHRM_Automation/src/test/resources/features/CreateNewUserTest.feature"},{"name":"package","value":"src.test.resources.features.CreateNewUserTest_feature.User can create new user"}],"links":[],"name":"verify that user can create new user","status":"failed","statusDetails":{"known":false,"muted":false,"flaky":false,"message":"test case failed","trace":"java.lang.AssertionError: test case failed\r\n\tat org.junit.Assert.fail(Assert.java:89)\r\n\tat com.automation.steps.AdminSteps.deleteTheObtainedUserAfterSearch(AdminSteps.java:54)\r\n\tat ✽.delete the obtained user after search(file:///C:/Users/sanja/IdeaProjects/OrangeHRM_Automation/src/test/resources/features/CreateNewUserTest.feature:17)\r\n"},"stage":"finished","steps":[{"name":"Given user open website","status":"passed","statusDetails":{"known":false,"muted":false,"flaky":false},"stage":"finished","steps":[],"attachments":[],"parameters":[],"start":1729610826627,"stop":1729610827480},{"name":"Then verify user is on login page","status":"passed","statusDetails":{"known":false,"muted":false,"flaky":false},"stage":"finished","steps":[],"attachments":[],"parameters":[],"start":1729610827480,"stop":1729610829638},{"name":"Given user login username \"Admin\" and password \"admin123\"","status":"passed","statusDetails":{"known":false,"muted":false,"flaky":false},"stage":"finished","steps":[],"attachments":[],"parameters":[],"start":1729610829638,"stop":1729610830953},{"name":"Then verify user is logged in","status":"passed","statusDetails":{"known":false,"muted":false,"flaky":false},"stage":"finished","steps":[],"attachments":[],"parameters":[],"start":1729610830954,"stop":1729610831342},{"name":"When user click on admin on sidebar","status":"passed","statusDetails":{"known":false,"muted":false,"flaky":false},"stage":"finished","steps":[],"attachments":[],"parameters":[],"start":1729610831342,"stop":1729610832644},{"name":"Then verify user is on admin page","status":"passed","statusDetails":{"known":false,"muted":false,"flaky":false},"stage":"finished","steps":[],"attachments":[],"parameters":[],"start":1729610832646,"stop":1729610833084},{"name":"When user click on add button on admin page","status":"passed","statusDetails":{"known":false,"muted":false,"flaky":false},"stage":"finished","steps":[],"attachments":[],"parameters":[],"start":1729610833084,"stop":1729610833510},{"name":"Then verify user is on add user page","status":"passed","statusDetails":{"known":false,"muted":false,"flaky":false},"stage":"finished","steps":[],"attachments":[],"parameters":[],"start":1729610833510,"stop":1729610833906},{"name":"Then enter new user details","status":"passed","statusDetails":{"known":false,"muted":false,"flaky":false},"stage":"finished","steps":[],"attachments":[],"parameters":[],"start":1729610833907,"stop":1729610838004},{"name":"When user click save button on admin page","status":"passed","statusDetails":{"known":false,"muted":false,"flaky":false},"stage":"finished","steps":[],"attachments":[],"parameters":[],"start":1729610838004,"stop":1729610838040},{"name":"Then verify success message is displayed","status":"passed","statusDetails":{"known":false,"muted":false,"flaky":false},"stage":"finished","steps":[],"attachments":[],"parameters":[],"start":1729610838040,"stop":1729610839637},{"name":"Then verify user is on System Users page","status":"passed","statusDetails":{"known":false,"muted":false,"flaky":false},"stage":"finished","steps":[],"attachments":[],"parameters":[],"start":1729610839637,"stop":1729610843412},{"name":"Then enter new user search details","status":"passed","statusDetails":{"known":false,"muted":false,"flaky":false},"stage":"finished","steps":[],"attachments":[],"parameters":[],"start":1729610843413,"stop":1729610847535},{"name":"Then user clicks on Search button on admin page","status":"passed","statusDetails":{"known":false,"muted":false,"flaky":false},"stage":"finished","steps":[],"attachments":[],"parameters":[],"start":1729610847535,"stop":1729610847572},{"name":"Then delete the obtained user after search","status":"failed","statusDetails":{"known":false,"muted":false,"flaky":false,"message":"test case failed","trace":"java.lang.AssertionError: test case failed\r\n\tat org.junit.Assert.fail(Assert.java:89)\r\n\tat com.automation.steps.AdminSteps.deleteTheObtainedUserAfterSearch(AdminSteps.java:54)\r\n\tat ✽.delete the obtained user after search(file:///C:/Users/sanja/IdeaProjects/OrangeHRM_Automation/src/test/resources/features/CreateNewUserTest.feature:17)\r\n"},"stage":"finished","steps":[],"attachments":[],"parameters":[],"start":1729610847572,"stop":1729610847995}],"attachments":[],"parameters":[],"start":1729610825556,"stop":1729610848430}